# JRE version: OpenJDK Runtime Environment (11.0.5+10) (build 11.0.5+10-b520.17)
# Java VM: OpenJDK 64-Bit Server VM (11.0.5+10-b520.17, mixed mode, sharing, tiered, compressed oops, g1 gc, windows-amd64)
Heap:
 garbage-first heap   total 315392K, used 28488K [0x0000000700c00000, 0x0000000800000000)
  region size 1024K, 22 young (22528K), 11 survivors (11264K)
 Metaspace       used 35811K, capacity 36813K, committed 37036K, reserved 1081344K
  class space    used 4457K, capacity 4849K, committed 4864K, reserved 1048576K
GC Heap History (10 events):
Event: 0.357 GC heap before
{Heap before GC invocations=0 (full 0):
 garbage-first heap   total 262144K, used 24576K [0x0000000700c00000, 0x0000000800000000)
  region size 1024K, 24 young (24576K), 0 survivors (0K)
 Metaspace       used 4637K, capacity 6710K, committed 6912K, reserved 1056768K
  class space    used 510K, capacity 728K, committed 768K, reserved 1048576K
}
Event: 0.360 GC heap after
{Heap after GC invocations=1 (full 0):
 garbage-first heap   total 262144K, used 7176K [0x0000000700c00000, 0x0000000800000000)
  region size 1024K, 3 young (3072K), 3 survivors (3072K)
 Metaspace       used 4637K, capacity 6710K, committed 6912K, reserved 1056768K
  class space    used 510K, capacity 728K, committed 768K, reserved 1048576K
}
Event: 1.058 GC heap before
{Heap before GC invocations=1 (full 0):
 garbage-first heap   total 262144K, used 159752K [0x0000000700c00000, 0x0000000800000000)
  region size 1024K, 153 young (156672K), 3 survivors (3072K)
 Metaspace       used 20056K, capacity 20634K, committed 20736K, reserved 1067008K
  class space    used 2514K, capacity 2724K, committed 2816K, reserved 1048576K
}
Event: 1.064 GC heap after
{Heap after GC invocations=2 (full 0):
 garbage-first heap   total 262144K, used 12115K [0x0000000700c00000, 0x0000000800000000)
  region size 1024K, 8 young (8192K), 8 survivors (8192K)
 Metaspace       used 20056K, capacity 20634K, committed 20736K, reserved 1067008K
  class space    used 2514K, capacity 2724K, committed 2816K, reserved 1048576K
}
Event: 1.099 GC heap before
{Heap before GC invocations=2 (full 0):
 garbage-first heap   total 262144K, used 16211K [0x0000000700c00000, 0x0000000800000000)
  region size 1024K, 13 young (13312K), 8 survivors (8192K)
 Metaspace       used 20480K, capacity 21018K, committed 21248K, reserved 1067008K
  class space    used 2582K, capacity 2788K, committed 2816K, reserved 1048576K
}
Event: 1.104 GC heap after
{Heap after GC invocations=3 (full 0):
 garbage-first heap   total 262144K, used 12136K [0x0000000700c00000, 0x0000000800000000)
  region size 1024K, 8 young (8192K), 8 survivors (8192K)
 Metaspace       used 20480K, capacity 21018K, committed 21248K, reserved 1067008K
  class space    used 2582K, capacity 2788K, committed 2816K, reserved 1048576K
}
Event: 2.041 GC heap before
{Heap before GC invocations=4 (full 0):
 garbage-first heap   total 262144K, used 98152K [0x0000000700c00000, 0x0000000800000000)
  region size 1024K, 93 young (95232K), 8 survivors (8192K)
 Metaspace       used 30220K, capacity 31201K, committed 31360K, reserved 1077248K
  class space    used 3833K, capacity 4195K, committed 4224K, reserved 1048576K
}
Event: 2.048 GC heap after
{Heap after GC invocations=5 (full 0):
 garbage-first heap   total 262144K, used 16825K [0x0000000700c00000, 0x0000000800000000)
  region size 1024K, 10 young (10240K), 10 survivors (10240K)
 Metaspace       used 30220K, capacity 31201K, committed 31360K, reserved 1077248K
  class space    used 3833K, capacity 4195K, committed 4224K, reserved 1048576K
}
Event: 2.298 GC heap before
{Heap before GC invocations=5 (full 0):
 garbage-first heap   total 262144K, used 74169K [0x0000000700c00000, 0x0000000800000000)
  region size 1024K, 68 young (69632K), 10 survivors (10240K)
 Metaspace       used 34605K, capacity 35553K, committed 35628K, reserved 1081344K
  class space    used 4317K, capacity 4707K, committed 4736K, reserved 1048576K
}
Event: 2.310 GC heap after
{Heap after GC invocations=6 (full 0):
 garbage-first heap   total 315392K, used 18248K [0x0000000700c00000, 0x0000000800000000)
  region size 1024K, 11 young (11264K), 11 survivors (11264K)
 Metaspace       used 34605K, capacity 35553K, committed 35628K, reserved 1081344K
  class space    used 4317K, capacity 4707K, committed 4736K, reserved 1048576K
}

